<?xml version="1.0" encoding="UTF-8"?>
<!-- Generated by org.testng.reporters.JUnitReportReporter -->
<testsuite hostname="LAPTOP-IO7O6G3K" failures="0" tests="2" name="test.HomePageTest" time="9.481" errors="0" timestamp="2023-08-23T19:38:06 IST" skipped="0">
  <testcase classname="test.HomePageTest" name="verifyIfCustomerIsAbleToSearchProduct" time="3.977"/>
  <testcase classname="test.HomePageTest" name="verifyIfCustomerIsAbleToSelectShoppingCategories" time="5.504"/>
</testsuite> <!-- test.HomePageTest -->
