<?xml version="1.0" encoding="UTF-8"?>
<!-- Generated by org.testng.reporters.JUnitReportReporter -->
<testsuite hostname="Akash" failures="0" tests="4" name="test.CartdetailPageTest" time="46.997" errors="0" timestamp="2023-09-06T17:41:20 IST" skipped="0">
  <testcase classname="test.CartdetailPageTest" name="verifyCustomerIsAbleToAddProductToCart" time="6.373"/>
  <testcase classname="test.CartdetailPageTest" name="verifyCustomerIsAbleToClickContinewShopping" time="5.597"/>
  <testcase classname="test.CartdetailPageTest" name="verifyIfCutomerIsAbleToRemoveProductFromCart" time="8.363"/>
  <testcase classname="test.CartdetailPageTest" name="verifyIfCustomerIsAbletoProceedToCheckout" time="26.664"/>
</testsuite> <!-- test.CartdetailPageTest -->
