<?xml version="1.0" encoding="UTF-8"?>
<!-- Generated by org.testng.reporters.JUnitReportReporter -->
<testsuite hostname="LAPTOP-V1EP264I" failures="0" tests="1" name="test.SearchProductTest" time="52.644" errors="0" timestamp="2023-09-02T15:41:13 IST" skipped="0">
  <testcase classname="test.SearchProductTest" name="verifySearchProduct" time="52.644"/>
</testsuite> <!-- test.SearchProductTest -->
