<?xml version="1.0" encoding="UTF-8"?>
<!-- Generated by org.testng.reporters.JUnitReportReporter -->
<testsuite hostname="LAPTOP-V1EP264I" failures="0" tests="1" name="test.ShoppingCategoriesTest" time="6.142" errors="0" timestamp="2023-09-02T15:45:56 IST" skipped="0">
  <testcase classname="test.ShoppingCategoriesTest" name="moveToCategory" time="6.142"/>
</testsuite> <!-- test.ShoppingCategoriesTest -->
